2025-05-13 15:53:26 -  - exec CUpdateClientPartner::__CollectRequestData
2025-05-13 15:53:26 -  - exec CUpdateClientPartner::GetHTTPPage
2025-05-13 15:53:26 -  - exec CUpdateClientPartner::ParseServerData
2025-05-13 15:53:26 -  - exec CUpdateClientPartner::GetUpdatesList
2025-05-13 15:53:26 -  - exec CUpdateClientPartner::__CollectRequestData
2025-05-13 15:53:26 -  - utf=Y&lang=ru&stable=Y&CANGZIP=Y&SUPD_DBS=MYSQL&XE=N&CLIENT_SITE=62.109.17.101&LICENSE_KEY=X&SUPD_STS=1&SUPD_URS=0&TYPENC=F&CLIENT_PHPVER=8.2.28&NGINX=Y&dbv=8.0.41&instm=main%2C25.100.300%2CN%3Bb24connector%2C24.0.0%2CN%3Bbitrix.sitecorporate%2C24.0.0%2CN%3Bbitrixcloud%2C24.100.0%2CN%3Bclouds%2C25.0.0%2CN%3Bfileman%2C24.500.0%2CN%3Bhighloadblock%2C24.100.0%2CN%3Biblock%2C24.300.0%2CN%3Blanding%2C24.800.0%2CN%3Blocation%2C25.0.0%2CN%3Bmessageservice%2C24.900.0%2CN%3Bperfmon%2C24.200.0%2CN%3Brest%2C25.100.200%2CN%3Bsearch%2C25.0.0%2CN%3Bsecurity%2C24.0.100%2CN%3Bseo%2C24.600.100%2CN%3Bsocialservices%2C24.100.100%2CN%3Btranslate%2C24.100.0%2CN%3Bui%2C25.0.0%2CN&reqm=bitrix.sitecorporate&fullmoduleinfo=Y&SUPD_SRS=RU&SUPD_CMP=N
2025-05-13 15:53:26 -  - exec CUpdateClientPartner::GetHTTPPage
2025-05-13 15:53:26 -  - TIME GetUpdatesList(request) 0.073 sec
2025-05-13 15:53:26 -  - exec CUpdateClientPartner::ParseServerData
2025-05-13 15:53:26 -  - exec CUpdateClientPartner::__CollectRequestData
2025-05-13 15:53:26 -  - exec CUpdateClientPartner::GetHTTPPage
2025-05-13 15:53:26 -  - exec CUpdateClientPartner::ParseServerData
2025-05-20 10:41:27 -  - exec CUpdateClientPartner::__CollectRequestData
2025-05-20 10:41:27 -  - exec CUpdateClientPartner::GetHTTPPage
2025-05-20 10:41:27 -  - exec CUpdateClientPartner::ParseServerData
2025-05-20 10:41:27 -  - exec CUpdateClientPartner::GetUpdatesList
2025-05-20 10:41:27 -  - exec CUpdateClientPartner::__CollectRequestData
2025-05-20 10:41:27 -  - utf=Y&lang=ru&stable=Y&CANGZIP=Y&SUPD_DBS=MYSQL&XE=N&CLIENT_SITE=localhost&LICENSE_KEY=X&SUPD_STS=1&SUPD_URS=0&TYPENC=F&CLIENT_PHPVER=8.2.28&NGINX=Y&dbv=8.0.41&instm=main%2C25.100.300%2CN%3Bui%2C25.0.0%2CN%3Blanding%2C24.800.0%2CN%3Bperfmon%2C24.200.0%2CN%3Bhighloadblock%2C24.100.0%2CN%3Bsecurity%2C24.0.100%2CN%3Btranslate%2C24.100.0%2CN%3Blocation%2C25.0.0%2CN%3Bsocialservices%2C24.100.100%2CN%3Bclouds%2C25.0.0%2CN%3Bsearch%2C25.0.0%2CN%3Biblock%2C24.300.0%2CN%3Bmessageservice%2C24.900.0%2CN%3Bbitrixcloud%2C24.100.0%2CN%3Bbitrix.sitecorporate%2C24.0.0%2CN%3Bseo%2C24.600.100%2CN%3Bb24connector%2C24.0.0%2CN%3Brest%2C25.100.200%2CN%3Bfileman%2C24.500.0%2CN&reqm=bitrix.sitecorporate&fullmoduleinfo=Y&SUPD_SRS=RU&SUPD_CMP=N
2025-05-20 10:41:27 -  - exec CUpdateClientPartner::GetHTTPPage
2025-05-20 10:41:28 -  - TIME GetUpdatesList(request) 0.337 sec
2025-05-20 10:41:28 -  - exec CUpdateClientPartner::ParseServerData
2025-05-20 10:41:28 -  - exec CUpdateClientPartner::__CollectRequestData
2025-05-20 10:41:28 -  - exec CUpdateClientPartner::GetHTTPPage
2025-05-20 10:41:28 -  - exec CUpdateClientPartner::ParseServerData
